A 3.9758908611876326E9
E 0.6169979832710104
W 7.205207065778966E24
T 7.7376520138490905
dT 76.8099676266236
Time 4028.0752167819264
_
A 3.965237220054305E9
E 0.6162395349123426
W 7.254535437243582E24
T 7.70657267947151
dT 76.81859436556567
Time 1514556.2815100292
_
A 3.95456799656672E9
E 0.6154767189703206
W 7.304437378133659E24
T 7.675489702537149
dT 76.82755867762894
Time 3025084.487803283
_
A 3.9438830607105074E9
E 0.6147094912508342
W 7.354922523076118E24
T 7.644402944919668
dT 76.8368663674813
Time 4535612.694096502
_
A 3.9331822806031094E9
E 0.6139378069014614
W 7.406000720631459E24
T 7.613312266114734
dT 76.84652336311994
Time 6046140.900389013
_
A 3.922465522456192E9
E 0.613161620398313
W 7.457682039231952E24
T 7.5822175231893345
dT 76.85653571910836
Time 7556669.106681524
_
A 3.9117326505371237E9
E 0.6123808855325698
W 7.509976773319363E24
T 7.551118570729835
dT 76.86690961992817
Time 9067197.312974174
_
A 3.900983527129447E9
E 0.6115955553966455
W 7.562895449687069E24
T 7.520015260788643
dT 76.87765138341861
Time 1.0577725519268172E7
_
A 3.890218012492303E9
E 0.6108055823700114
W 7.616448834037355E24
T 7.488907442829401
dT 76.88876746433463
Time 1.2088253725562168E7
_
A 3.8794359648188267E9
E 0.6100109181046611
W 7.670647937761537E24
T 7.457794963670825
dT 76.90026445802177
Time 1.3598781931856167E7
_
A 3.8686372401933937E9
E 0.6092115135101951
W 7.725504024951795E24
T 7.426677667428861
dT 76.91214910420761
Time 1.5109310138150163E7
_
A 3.8578216925477867E9
E 0.6084073187385162
W 7.781028619653371E24
T 7.395555395457451
dT 76.92442829091341
Time 1.6619838344444161E7
_
A 3.8469891736161695E9
E 0.6075982831681265
W 7.837233513367535E24
T 7.364427986287594
dT 76.93710905849477
Time 1.8130366550738156E7
_
A 3.8361395328888626E9
E 0.6067843553880219
W 7.894130772815878E24
T 7.333295275564793
dT 76.95019860382034
Time 1.9640894757032152E7
_
A 3.825272617564845E9
E 0.6059654831811463
W 7.951732747975224E24
T 7.30215709598468
dT 76.96370428458025
Time 2.1151422963326152E7
_
A 3.8143882725030107E9
E 0.6051416135074127
W 8.010052080394932E24
T 7.271013277227
dT 76.97763362373874
Time 2.266195116962015E7
_
A 3.8034863401720552E9
E 0.6043126924862811
W 8.069101711809351E24
T 7.239863645887638
dT 76.99199431414405
Time 2.4172479375914145E7
_
A 3.7925666605990467E9
E 0.6034786653788505
W 8.128894893054789E24
T 7.208708025408921
dT 77.0067942232782
Time 2.568300758220814E7
_
A 3.7816290713165216E9
E 0.6026394765694897
W 8.189445193307392E24
T 7.177546236007783
dT 77.02204139818292
Time 2.719353578850214E7
_
A 3.770673407308097E9
E 0.6017950695469504
W 8.250766509652608E24
T 7.146378094601882
dT 77.03774407054321
Time 2.870406399479614E7
_
A 3.7596995009526334E9
E 0.6009453868849702
W 8.312873077000373E24
T 7.115203414733807
dT 77.05391066194161
Time 3.0214592201090135E7
_
A 3.748707181966798E9
E 0.600090370222349
W 8.375779478362413E24
T 7.0840220064930195
dT 77.07054978930063
Time 3.172512040738413E7
_
A 3.7376962773459883E9
E 0.5992299602424758
W 8.439500655506216E24
T 7.052833676435514
dT 77.08767027051299
Time 3.323564861367813E7
_
A 3.726666611303604E9
E 0.5983640966522737
W 8.504051920000466E24
T 7.021638227501239
dT 77.10528113025728
Time 3.474617681997213E7
_
A 3.71561800520856E9
E 0.597492718160577
W 8.569448964671866E24
T 6.990435458929034
dT 77.12339160603169
Time 3.6256705026263945E7
_
A 3.704550277521003E9
E 0.5966157624558786
W 8.635707875487843E24
T 6.9592251661691185
dT 77.14201115438449
Time 3.7767233232552E7
_
A 3.6934632437261715E9
E 0.5957331661834682
W 8.702845143886845E24
T 6.928007140792987
dT 77.16114945737826
Time 3.927776143884005E7
_
A 3.6823567162663603E9
E 0.5948448649219104
W 8.770877679573342E24
T 6.8967811704007485
dT 77.18081642927487
Time 4.07882896451281E7
_
A 3.6712305044708395E9
E 0.5939507931588446
W 8.839822823799532E24
T 6.865547038525552
dT 77.20102222346007
Time 4.229881785141615E7
_
A 3.6600844144837513E9
E 0.5930508842661028
W 8.909698363155606E24
T 6.834304524535274
dT 77.22177723962255
Time 4.38093460577042E7
_
A 3.64891824918983E9
E 0.5921450704741006
W 8.98052254389105E24
T 6.803053403531172
dT 77.24309213119272
Time 4.531987426399226E7
_
A 3.6377318081379166E9
E 0.5912332828454745
W 9.052314086789974E24
T 6.77179344624346
dT 77.26497781304512
Time 4.6830402470280305E7
_
A 3.626524887462181E9
E 0.5903154512479595
W 9.125092202627583E24
T 6.740524418923759
dT 77.28744546949275
Time 4.834093067656836E7
_
A 3.615297279800994E9
E 0.5893915043264529
W 9.198876608231675E24
T 6.70924608323431
dT 77.31050656256487
Time 4.985145888285641E7
_
A 3.604048774213243E9
E 0.5884613694742616
W 9.273687543180735E24
T 6.677958196133562
dT 77.33417284060482
Time 5.136198708914446E7
_
A 3.5927791560922146E9
E 0.5875249728034828
W 9.34954578716371E24
T 6.64666050975855
dT 77.35845634717731
Time 5.2872515295432515E7
_
A 3.5814882070766296E9
E 0.5865822391145022
W 9.426472678037694E24
T 6.6153527713030655
dT 77.3833694303257
Time 5.438304350172056E7
_
A 3.570175704959127E9
E 0.5856330918645546
W 9.504490130609194E24
T 6.584034722892607
dT 77.40892475215831
Time 5.589357170800862E7
_
A 3.5588414235917373E9
E 0.5846774531353446
W 9.58362065618057E24
T 6.552706101454927
dT 77.43513529881959
Time 5.740409991429667E7
_
A 3.547485132788436E9
E 0.5837152435996655
W 9.66388738289311E24
T 6.52136663858664
dT 77.46201439083353
Time 5.891462812058472E7
_
A 3.5361065982246795E9
E 0.5827463824869883
W 9.745314076905397E24
T 6.49001606041572
dT 77.48957569384294
Time 6.042515632687277E7
_
A 3.524705581333579E9
E 0.5817707875479873
W 9.827925164450852E24
T 6.458654087459142
dT 77.51783322977664
Time 6.193568453316082E7
_
A 3.513281839198857E9
E 0.5807883750179492
W 9.91174575481221E24
T 6.427280434476233
dT 77.54680138844257
Time 6.3446212739448875E7
_
A 3.501835124444374E9
E 0.5797990595790492
W 9.99680166426118E24
T 6.395894810317273
dT 77.57649493958623
Time 6.495674094573693E7
_
A 3.4903651851199327E9
E 0.5788027543214026
W 1.0083119441009027E25
T 6.364496917766825
dT 77.60692904541567
Time 6.646726915202498E7
_
A 3.478871764583433E9
E 0.5777993707029018
W 1.017072639121962E25
T 6.333086453382097
dT 77.63811927363722
Time 6.797779735831302E7
_
A 3.4673546013791595E9
E 0.5767888185077533
W 1.025965060613607E25
T 6.301663107325991
dT 77.67008161100718
Time 6.948832556460108E7
_
A 3.455813429111905E9
E 0.5757710058036741
W 1.034992099037967E25
T 6.270226563194228
dT 77.70283247743752
Time 7.099885377088913E7
_
A 3.4442479763170533E9
E 0.5747458388976889
W 1.0441567291475909E25
T 6.238776497837088
dT 77.73638874066263
Time 7.250938197717719E7
_
A 3.4326579663261013E9
E 0.5737132222904969
W 1.053462013067712E25
T 6.207312581174621
dT 77.77076773152825
Time 7.401991018346524E7
_
A 3.421043117127764E9
E 0.5726730586293152
W 1.0629111035140732E25
T 6.175834476005916
dT 77.80598725989273
Time 7.55304383897533E7
_
A 3.4094031412242527E9
E 0.5716252486591553
W 1.072507247153803E25
T 6.144341837811578
dT 77.84206563119406
Time 7.704096659604135E7
_
A 3.3977377454825974E9
E 0.5705696911724872
W 1.0822537881168303E25
T 6.112834314549362
dT 77.87902166372113
Time 7.85514948023294E7
_
A 3.3860466309808583E9
E 0.5695062829571826
W 1.092154171665321E25
T 6.081311546442756
dT 77.91687470659723
Time 8.006202300861745E7
_
A 3.374329492848962E9
E 0.5684349187427095
W 1.102211948029919E25
T 6.049773165762153
dT 77.95564465853755
Time 8.15725512149055E7
_
A 3.3625860201038547E9
E 0.5673554911444727
W 1.112430776421532E25
T 6.018218796598032
dT 77.99535198740651
Time 8.308307942119355E7
_
A 3.350815895478888E9
E 0.5662678906062514
W 1.1228144292280683E25
T 5.986648054626248
dT 78.03601775062032
Time 8.459360762748161E7
_
A 3.3390187952471E9
E 0.5651720053406206
W 1.1333667964060075E25
T 5.955060546864899
dT 78.07766361642662
Time 8.610413583376966E7
_
A 3.3271943890380745E9
E 0.5640677212673012
W 1.1440918900777472E25
T 5.923455871422184
dT 78.12031188612372
Time 8.761466404005772E7
_
A 3.315342339648243E9
E 0.5629549219493437
W 1.1549938493457491E25
T 5.891833617235333
dT 78.1639855172574
Time 8.912519224634576E7
_
A 3.303462302844104E9
E 0.5618334885270253
W 1.1660769453356576E25
T 5.860193363799524
dT 78.20870814784382
Time 9.063572045263381E7
_
A 3.291553927158394E9
E 0.56070329964941
W 1.1773455864809658E25
T 5.8285346808873175
dT 78.25450412167916
Time 9.214624865892187E7
_
A 3.279616853678493E9
E 0.5595642314034204
W 1.1888043240631136E25
T 5.7968571282570975
dT 78.3013985147894
Time 9.365677686520992E7
_
A 3.267650715827023E9
E 0.5584161572403414
W 1.2004578580212071E25
T 5.765160255350838
dT 78.34941716307998
Time 9.516730507149798E7
_
A 3.255655139134141E9
E 0.5572589478996423
W 1.2123110430470122E25
T 5.733443600980368
dT 78.39858669125721
Time 9.667783327778602E7
_
A 3.243629741001115E9
E 0.5560924713299676
W 1.2243688949814746E25
T 5.701706693001498
dT 78.44893454307544
Time 9.818836148407407E7
_
A 3.2315741304549055E9
E 0.5549165926072022
W 1.236636597530338E25
T 5.669949047975784
dT 78.50048901299452
Time 9.969888969036213E7
_
A 3.219487907893278E9
E 0.553731173849477
W 1.2491195093176328E25
T 5.6381701708192375
dT 78.55327927932639
Time 1.0120941789665018E8
_
A 3.2073706648198147E9
E 0.5525360741289389
W 1.2618231712970434E25
T 5.606369554436849
dT 78.60733543894465
Time 1.0271994610293823E8
_
A 3.1952219835687284E9
E 0.5513311493801775
W 1.2747533145420911E25
T 5.574546679343281
dT 78.66268854364503
Time 1.0423047430922627E8
_
A 3.1830414370186214E9
E 0.5501162523051278
W 1.2879158684383871E25
T 5.542701013268102
dT 78.71937063825752
Time 1.0574100251551433E8
_
A 3.1708285882948484E9
E 0.5488912322742888
W 1.301316969301967E25
T 5.510832010745313
dT 78.77741480060052
Time 1.0725153072180238E8
_
A 3.1585829904598646E9
E 0.5476559352240851
W 1.31496296944991E25
T 5.478939112686254
dT 78.8368551833894
Time 1.0876205892809044E8
_
A 3.1463041861910434E9
E 0.5464102035501942
W 1.3288604467509947E25
T 5.447021745935263
dT 78.8977270582077
Time 1.102725871343785E8
_
A 3.1339917074451933E9
E 0.5451538759966267
W 1.3430162146863817E25
T 5.415079322806859
dT 78.96006686166334
Time 1.1178311534066653E8
_
A 3.121645075109244E9
E 0.5438867875403631
W 1.3574373329521454E25
T 5.383111240603864
dT 79.02391224385389
Time 1.1329364354695459E8
_
A 3.109263798636374E9
E 0.5426087692713495
W 1.3721311186381557E25
T 5.351116881115462
dT 79.08930211929061
Time 1.1480417175324264E8
_
A 3.096847375666748E9
E 0.5413196482675736
W 1.387105158019872E25
T 5.3190956100939
dT 79.15627672040674
Time 1.163146999595307E8
_
A 3.084395291632227E9
E 0.5400192474650258
W 1.4023673190026622E25
T 5.287046776709189
dT 79.2248776538242
Time 1.1782522816581875E8
_
A 3.071907019344082E9
E 0.5387073855222544
W 1.4179257642610576E25
T 5.25496971298027
dT 79.29514795953627
Time 1.193357563721068E8
_
A 3.059382018562865E9
E 0.5373838766792551
W 1.4337889651185967E25
T 5.222863733181567
dT 79.36713217319071
Time 1.2084628457839485E8
_
A 3.0468197355495577E9
E 0.5360485306104046
W 1.4499657162171667E25
T 5.190728133223756
dT 79.44087639166158
Time 1.223568127846829E8
_
A 3.0342196025968695E9
E 0.5347011522711279
W 1.4664651510289025E25
T 5.158562190007094
dT 79.5164283421225
Time 1.2386734099097095E8
_
A 3.0215810375397615E9
E 0.5333415417379572
W 1.4832967582669926E25
T 5.126365160746203
dT 79.59383745482293
Time 1.2537786919725901E8
_
A 3.0089034432439203E9
E 0.5319694940416575
W 1.5004703992572875E25
T 5.094136282264337
dT 79.67315493982923
Time 1.2688839740354706E8
_
A 2.9961862070711255E9
E 0.5305847989930363
W 1.5179963263362388E25
T 5.061874770255945
dT 79.75443386796421
Time 1.283989256098351E8
_
A 2.983428700320093E9
E 0.5291872410010529
W 1.5358852023469124E25
T 5.02957981851537
dT 79.8377292562323
Time 1.2990945381612316E8
_
A 2.9706302776415105E9
E 0.5277765988827886
W 1.5541481213097137E25
T 4.997250598130047
dT 79.92309815800908
Time 1.3141998202241121E8
_
A 2.957790276425747E9
E 0.5263526456648534
W 1.5727966303513511E25
T 4.964886256636064
dT 80.01059975832152
Time 1.3293051022869927E8
_
A 2.944908016161764E9
E 0.5249151483757614
W 1.5918427529820217E25
T 4.932485917134163
dT 80.10029547456158
Time 1.344410384349873E8
_
A 2.931982797765421E9
E 0.5234638678287368
W 1.6112990138182488E25
T 4.900048677363532
dT 80.1922490629867
Time 1.3595156664127538E8
_
A 2.9190139028755817E9
E 0.521998558394433
W 1.6311784648567399E25
T 4.867573608731442
dT 80.28652673140454
Time 1.3746209484756342E8
_
A 2.906000593115956E9
E 0.5205189677630047
W 1.6514947134143076E25
T 4.8350597552957275
dT 80.38319725848422
Time 1.389726230538515E8
_
A 2.8929421093207684E9
E 0.5190248366948765
W 1.6722619518573472E25
T 4.80250613269759
dT 80.48233212012646
Time 1.4048315126013952E8
_
A 2.8798376707219543E9
E 0.5175158987595917
W 1.693494989256434E25
T 4.769911727041531
dT 80.5840056234152
Time 1.4199367946642756E8
_
A 2.866686474095745E9
E 0.5159918800620193
W 1.7152092851119889E25
T 4.737275493719645
dT 80.68829504866828
Time 1.4350420767271563E8
_
A 2.853487692865902E9
E 0.5144524989551681
W 1.737420985311088E25
T 4.7045963561763084
dT 80.79528080018177
Time 1.4501473587900367E8
_
A 2.8402404761611586E9
E 0.5128974657388061
W 1.7601469604884758E25
T 4.671873204610182
dT 80.90504656628657
Time 1.4652526408529174E8
_
A 2.8269439478237147E9
E 0.5113264823430225
W 1.7834048469817162E25
T 4.639104894608953
dT 81.0176794894147
Time 1.4803579229157978E8
_
A 2.813597205366068E9
E 0.5097392419958291
W 1.8072130905860851E25
T 4.606290245713505
dT 81.133270346906
Time 1.4954632049786782E8
_
A 2.8001993188725004E9
E 0.5081354288737455
W 1.8315909933347954E25
T 4.573428039906152
dT 81.25191374334722
Time 1.510568487041559E8
_
A 2.7867493298418307E9
E 0.5065147177343816
W 1.8565587635512142E25
T 4.540517020018494
dT 81.3737083153495
Time 1.5256737691044393E8
_
A 2.773246249967613E9
E 0.5048767735298285
W 1.8821375694417393E25
T 4.507555888053794
dT 81.49875694968843
Time 1.54077905116732E8
_
A 2.759689059851453E9
E 0.503221250999614
W 1.9083495965248088E25
T 4.474543303417777
dT 81.62716701585133
Time 1.5558843332302004E8
_
A 2.7460767076451845E9
E 0.5015477942419393
W 1.9352181092190247E25
T 4.441477881052335
dT 81.75905061412494
Time 1.5709896152930808E8
_
A 2.7324081076168947E9
E 0.4998560362617203
W 1.9627675169452413E25
T 4.408358189465128
dT 81.8945248404462
Time 1.5860948973559615E8
_
A 2.7186821386357393E9
E 0.4981455984939325
W 1.991023445132106E25
T 4.375182748648474
dT 82.03371206936819
Time 1.601200179418842E8
_
A 2.704897642569707E9
E 0.49641609030056705
W 2.0200128115539048E25
T 4.341950027879346
dT 82.1767402566132
Time 1.6163054614817226E8
_
A 2.6910534225904026E9
E 0.49466710843941103
W 2.0497639084718657E25
T 4.30865844339271
dT 82.32374326281234
Time 1.631410743544603E8
_
A 2.67714824137817E9
E 0.4928982365027181
W 2.0803064910990426E25
T 4.275306355919122
dT 82.47486120020416
Time 1.6465160256074834E8
_
A 2.663180819220304E9
E 0.49110904432364394
W 2.1116718729624562E25
T 4.241892068076699
dT 82.63024080422034
Time 1.661621307670364E8
_
A 2.6491498319945855E9
E 0.48929908734818783
W 2.143893028796292E25
T 4.208413821607072
dT 82.79003583208727
Time 1.6767265897332445E8
_
A 2.6350539090297766E9
E 0.4874679059701631
W 2.1770047056666555E25
T 4.174869794444162
dT 82.95440749076703
Time 1.6918318717961252E8
_
A 2.62089163083368E9
E 0.485615024826503
W 2.2110435431047587E25
T 4.141258097602936
dT 83.12352489681113
Time 1.7069371538590056E8
_
A 2.6066615266788187E9
E 0.483739952050007
W 2.2460482031094073E25
T 4.107576771874899
dT 83.29756557096148
Time 1.722042435921886E8
_
A 2.5923620720348177E9
E 0.4818421784763379
W 2.2820595109744124E25
T 4.073823784315687
dT 83.4767159706043
Time 1.7371477179847667E8
_
A 2.577991685835428E9
E 0.4799211768018256
W 2.3191206080046756E25
T 4.039997024508428
dT 83.6611720635416
Time 1.752253000047647E8
_
A 2.5635487275672812E9
E 0.47797640068831226
W 2.357277117304009E25
T 4.006094300585755
dT 83.85113994687696
Time 1.7673582821105278E8
_
A 2.5490314941660166E9
E 0.4760072838109272
W 2.396577323955056E25
T 3.9721133349911417
dT 84.0468365152448
Time 1.7824635641734082E8
_
A 2.534438216704033E9
E 0.4740132388443014
W 2.437072371066014E25
T 3.9380517599583658
dT 84.2484901830736
Time 1.7975688462362885E8
_
A 2.519767056852997E9
E 0.47199365638231383
W 2.478816473331717E25
T 3.9039071126868787
dT 84.45634166606074
Time 1.8126741282991692E8
_
A 2.505016103101941E9
E 0.4699479037859713
W 2.5218671499574215E25
T 3.869676830187126
dT 84.67064482766165
Time 1.8277794103620496E8
_
A 2.490183366710439E9
E 0.46787532395353676
W 2.5662854790170556E25
T 3.835358243768679
dT 84.89166759702542
Time 1.8428846924249303E8
_
A 2.4752667773740673E9
E 0.4657752340064301
W 2.612136375575088E25
T 3.8009485731408117
dT 85.11969296556401
Time 1.8579899744878107E8
_
A 2.4602641785768595E9
E 0.4636469238837227
W 2.659488896194094E25
T 3.766444920091716
dT 85.35502007017047
Time 1.873095256550691E8
_
A 2.445173322603139E9
E 0.461489654837438
W 2.7084165727853776E25
T 3.7318442617097602
dT 85.5979653720891
Time 1.8882005386135718E8
_
A 2.4299918651779337E9
E 0.45930265781994345
W 2.758997779143041E25
T 3.6971434431058525
dT 85.84886394148715
Time 1.9033058206764522E8
_
A 2.4147173597020645E9
E 0.45708513175389937
W 2.811316133943033E25
T 3.662339169591954
dT 86.10807085904248
Time 1.918411102739333E8
_
A 2.399347251044153E9
E 0.45483624167415926
W 2.8654609444952296E25
T 3.6274279982657083
dT 86.37596274725766
Time 1.9335163848022133E8
_
A 2.383878868847636E9
E 0.4525551167299076
W 2.921527696121503E25
T 3.592406328945722
dT 86.6529394458374
Time 1.948621666865094E8
_
A 2.368309420306244E9
E 0.4502408480340186
W 2.979618592707287E25
T 3.5572703943960198
dT 86.93942584730242
Time 1.9637269489279744E8
_
A 2.352635982355915E9
E 0.4478924863451628
W 3.0398431547569376E25
T 3.5220162497709784
dT 87.23587391114232
Time 1.9788322309908548E8
_
A 2.3368554932251863E9
E 0.44550903956655913
W 3.1023188821908373E25
T 3.4866397612043976
dT 87.54276487725136
Time 1.9939375130537355E8
_
A 2.320964743279071E9
E 0.44308947004338806
W 3.1671719901796265E25
T 3.4511365934570892
dT 87.86061170220874
Time 2.009042795116616E8
_
A 2.3049603650837336E9
E 0.44063269163879126
W 3.2345382275437078E25
T 3.415502196527542
dT 88.18996174522267
Time 2.0241480771794966E8
_
A 2.288838822610162E9
E 0.4381375665659525
W 3.304563788689886E25
T 3.3797317911181826
dT 88.53139973433701
Time 2.039253359242377E8
_
A 2.272596399485028E9
E 0.43560290195103085
W 3.3774063317484115E25
T 3.3438203528370867
dT 88.88555104787191
Time 2.0543586413052574E8
_
A 2.2562291861847687E9
E 0.4330274460985625
W 3.4532361175680827E25
T 3.3077625949988354
dT 89.2530853512172
Time 2.069463923368138E8
_
A 2.239733066056037E9
E 0.43040988442736583
W 3.532237286572943E25
T 3.271552949872162
dT 89.6347206350146
Time 2.0845692054310185E8
_
A 2.223103700029396E9
E 0.4277488350408412
W 3.614609293270455E25
T 3.235185548200419
dT 90.03122770782691
Time 2.0996744874938992E8
_
A 2.206336509875761E9
E 0.42504284389080893
W 3.7005685214993485E25
T 3.198654196799079
dT 90.4434352045618
Time 2.1147797695567796E8
_
A 2.18942665983393E9
E 0.42229037948853315
W 3.790350107441558E25
T 3.16195235400701
dT 90.87223518164177
Time 2.12988505161966E8
_
A 2.172369036413409E9
E 0.419489827110203
W 3.884210002124224E25
T 3.125073102737354
dT 91.31858938136288
Time 2.1449903336825407E8
_
A 2.155158226148635E9
E 0.4166394824367647
W 3.982427310777097E25
T 3.088009120838021
dT 91.78353626147438
Time 2.160095615745421E8
_
A 2.1377884910475547E9
E 0.413737544559383
W 4.085306953202801E25
T 3.050752648429242
dT 92.26819890221832
Time 2.1752008978083017E8
_
A 2.1202537414390569E9
E 0.4107821082717319
W 4.193182697521947E25
T 3.0132954518368407
dT 92.77379392237695
Time 2.190306179871182E8
_
A 2.1025475058780746E9
E 0.4077711555585303
W 4.306420629615171E25
T 2.9756287836815494
dT 93.30164155909341
Time 2.2054114619340625E8
_
A 2.0846628977135854E9
E 0.4047025461758351
W 4.425423132716522E25
T 2.937743338616796
dT 93.85317709412716
Time 2.2205167439969432E8
_
A 2.0665925778610237E9
E 0.40157400720222775
W 4.550633466462628E25
T 2.8996292041266147
dT 94.4299638429652
Time 2.2356220260598236E8
_
A 2.0483287132448606E9
E 0.39838312142055887
W 4.682541052957211E25
T 2.8612758056995173
dT 95.03370796415834
Time 2.2507273081227043E8
_
A 2.0298629302866814E9
E 0.39512731436682613
W 4.8216875999610675E25
T 2.8226718455801407
dT 95.66627539621177
Time 2.2658325901855847E8
_
A 2.0111862627056725E9
E 0.39180383985511835
W 4.968674219310784E25
T 2.783805234164094
dT 96.32971129052626
Time 2.280937872248465E8
_
A 1.992289092767494E9
E 0.38840976375439534
W 5.124169733607466E25
T 2.744663012936811
dT 97.0262623842259
Time 2.2960431543113458E8
_
A 1.9731610849596715E9
E 0.38494194575293245
W 5.288920408050164E25
T 2.7052312676598103
dT 97.7584028498649
Time 2.3111484363742262E8
_
A 1.9537911108790388E9
E 0.3813970187978674
W 5.463761399617114E25
T 2.6654950302668787
dT 98.52886427496038
Time 2.326253718437107E8
_
A 1.9341671638817687E9
E 0.37777136583836224
W 5.649630286044831E25
T 2.6254381676399685
dT 99.34067056929676
Time 2.3413590004999873E8
_
A 1.914276261757791E9
E 0.37406109342890675
W 5.847583126825794E25
T 2.5850432550758216
dT 100.19717878047707
Time 2.3564642825628677E8
_
A 1.8941043353341427E9
E 0.37026200166055917
W 6.05881362394081E25
T 2.544291431811364
dT 101.10212702934011
Time 2.3715695646257484E8
_
A 1.873636100468317E9
E 0.36636954977830927
W 6.284676099692068E25
T 2.5031622354280754
dT 102.05969107155757
Time 2.3866748466886288E8
_
A 1.852854910337317E9
E 0.36237881670609234
W 6.526713204384332E25
T 2.4616334112710816
dT 103.07455137008066
Time 2.4017801287515095E8
_
A 1.8317425842290673E9
E 0.35828445552985816
W 6.786689523733712E25
T 2.419680692160116
dT 104.15197305253653
Time 2.41688541081439E8
_
A 1.8102792081558828E9
E 0.35408064077298573
W 7.066632597173834E25
T 2.377277542583364
dT 105.29790176578372
Time 2.4319906928772703E8
_
A 1.7884429014764228E9
E 0.3497610070236558
W 7.368883315335839E25
T 2.3343948601822015
dT 106.51907927886565
Time 2.447095974940151E8
_
A 1.76620954225213E9
E 0.34531857712172087
W 7.696158283144824E25
T 2.2910006255584983
dT 107.82318379880026
Time 2.4622012570030314E8
_
A 1.7435524421667514E9
E 0.34074567765755265
W 8.051627579595605E25
T 2.2470594891368045
dT 109.21900145473897
Time 2.477306539065912E8
_
A 1.7204419593484542E9
E 0.336033838941933
W 8.43901251214088E25
T 2.202532280808234
dT 110.71663742417998
Time 2.4924118211287925E8
_
A 1.6968450341374938E9
E 0.3311736758245168
W 8.862709594892362E25
T 2.1573754241181438
dT 112.32777793650895
Time 2.507517103191673E8
_
A 1.672724628428512E9
E 0.3261547446983896
W 9.327949289654548E25
T 2.1115402314723193
dT 114.06601821346476
Time 2.5226223852545536E8
_
A 1.6480390432391005E9
E 0.3209653706286021
W 9.841001364826123E25
T 2.064972049706549
dT 115.94727677049367
Time 2.537727667317434E8
_
A 1.6227410809593222E9
E 0.31559243663560843
W 1.0409443559384103E26
T 2.017609215630403
dT 117.99032413293888
Time 2.5528329493803146E8
_
A 1.5967770073431535E9
E 0.31002112453199776
W 1.1042517396032786E26
T 1.9693817676885306
dT 120.21746503897332
Time 2.567938231443195E8
_
A 1.5700852522305155E9
E 0.3042345930232196
W 1.1751605776995741E26
T 1.9202098409784152
dT 122.65542937579478
Time 2.5830435135060757E8
_
A 1.5425947649452283E9
E 0.29821357353525785
W 1.255088358057486E26
T 1.8700016458986077
dT 125.33655127383247
Time 2.598148795568956E8
_
A 1.514222906685542E9
E 0.29193585663254445
W 1.3458218519922966E26
T 1.8186508915646946
dT 128.30035265124
Time 2.6132540776318365E8
_
A 1.484872712169611E9
E 0.28537563066978955
W 1.4496441400794321E26
T 1.7660334572124436
dT 131.59570496825953
Time 2.6283593596947172E8
_
A 1.4544292766500158E9
E 0.2785026173985561
W 1.569517404195314E26
T 1.7120030272362519
dT 135.2838347463886
Time 2.6434646417575976E8
_
A 1.422754905695002E9
E 0.27128092310475466
W 1.7093520647815205E26
T 1.6563852698764403
dT 139.4425891076362
Time 2.6585699238204783E8
_
A 1.3896824748815038E9
E 0.26366748235583054
W 1.874413498681578E26
T 1.5989699237222479
dT 144.17263275079497
Time 2.6736752058833587E8
_
A 1.3550061319514341E9
E 0.25560990351893687
W 2.0719552773688014E26
T 1.5394998019617823
dT 149.60669524444748
Time 2.688780487946239E8
_
A 1.3184679347773192E9
E 0.24704341007597705
W 2.3122397414021498E26
T 1.4776551220868877
dT 155.92380444885248
Time 2.7038857700091195E8
_
A 1.2797380550484219E9
E 0.23788636846658331
W 2.610250829186051E26
T 1.4130305022228955
dT 163.3720046910022
Time 2.7189910520720005E8
_
A 1.2383843700216637E9
E 0.22803351665579347
W 2.988710649484241E26
T 1.3450999835960755
dT 172.3062168487498
Time 2.734096334134881E8
_
A 1.1938236700880666E9
E 0.21734526932958878
W 3.483711507092467E26
T 1.2731615399932634
dT 183.25471412697487
Time 2.749201616197761E8
_
A 1.1452390373357801E9
E 0.20562992422429235
W 4.1560193395207234E26
T 1.1962443130365399
dT 197.04362412903984
Time 2.7643068982606417E8
_
A 1.0914300635971427E9
E 0.19261204055364997
W 5.1159488073109496E26
T 1.112942905010228
dT 215.05004864018554
Time 2.779412180323522E8
_
A 1.0305158634562283E9
E 0.17787116606736028
W 6.585208123661584E26
T 1.0210944620254165
dT 239.7755252323852
Time 2.794517462386403E8
_
A 9.592686426676183E8
E 0.16070806246015593
W 9.079284249470642E26
T 0.9170691392397923
dT 276.35655849396494
Time 2.8096227444492835E8
_
A 8.713150215096213E8
E 0.13979587028754203
W 1.4105532330290441E27
T 0.7939059330511015
dT 337.56179892508493
Time 2.824728026512164E8
_
A 7.504722483163728E8
E 0.11194816963416492
W 2.8439820092254765E27
T 0.6346656025392756
dT 468.5160827987607
Time 2.839833308575044E8
_
A 5.1536896386447227E8
E 0.06281929245930559
W 1.7579197701930762E28
T 0.36141137322081746
dT 1131.3427820515192
Time 2.8549385906379247E8
_
